i:\project\soui\test\firwall\ndis6firewall\x64\debug\ndis6firewall.pch
i:\project\soui\test\firwall\ndis6firewall\x64\debug\vc141.pdb
i:\project\soui\test\firwall\ndis6firewall\x64\debug\precomp.obj
i:\project\soui\test\firwall\ndis6firewall\x64\debug\flt_dbg.obj
i:\project\soui\test\firwall\ndis6firewall\x64\debug\filter.obj
i:\project\soui\test\firwall\ndis6firewall\x64\debug\device.obj
i:\project\soui\test\firwall\ndis6firewall\x64\debug\rulemanager.obj
i:\project\soui\test\firwall\ndis6firewall\x64\debug\locklist.obj
i:\project\soui\test\firwall\ndis6firewall\x64\debug\ipfilter.obj
i:\project\soui\test\firwall\x64\debug\ndis6firewall\ndis6firewall.cat
i:\project\soui\test\firwall\x64\debug\ndis6firewall.sys
i:\project\soui\test\firwall\x64\debug\ndis6firewall.pdb
i:\project\soui\test\firwall\ndis6firewall\x64\debug\filter.res
i:\project\soui\test\firwall\ndis6firewall\x64\debug\ndis6firewall.inf
i:\project\soui\test\firwall\x64\debug\ndis6firewall.cer
i:\project\soui\test\firwall\x64\debug\ndis6firewall.inf
i:\project\soui\test\firwall\ndis6firewall\x64\debug\ndis6firewall.tlog\cl.command.1.tlog
i:\project\soui\test\firwall\ndis6firewall\x64\debug\ndis6firewall.tlog\cl.read.1.tlog
i:\project\soui\test\firwall\ndis6firewall\x64\debug\ndis6firewall.tlog\cl.write.1.tlog
i:\project\soui\test\firwall\ndis6firewall\x64\debug\ndis6firewall.tlog\inf2cat-expand.14936.read.1.tlog
i:\project\soui\test\firwall\ndis6firewall\x64\debug\ndis6firewall.tlog\inf2cat-expand.14936.write.1.tlog
i:\project\soui\test\firwall\ndis6firewall\x64\debug\ndis6firewall.tlog\inf2cat-expand.18592.read.1.tlog
i:\project\soui\test\firwall\ndis6firewall\x64\debug\ndis6firewall.tlog\inf2cat-expand.18592.write.1.tlog
i:\project\soui\test\firwall\ndis6firewall\x64\debug\ndis6firewall.tlog\inf2cat-expand.22176.read.1.tlog
i:\project\soui\test\firwall\ndis6firewall\x64\debug\ndis6firewall.tlog\inf2cat-expand.22176.write.1.tlog
i:\project\soui\test\firwall\ndis6firewall\x64\debug\ndis6firewall.tlog\inf2cat-expand.22236.read.1.tlog
i:\project\soui\test\firwall\ndis6firewall\x64\debug\ndis6firewall.tlog\inf2cat-expand.22236.write.1.tlog
i:\project\soui\test\firwall\ndis6firewall\x64\debug\ndis6firewall.tlog\inf2cat-expand.4416.read.1.tlog
i:\project\soui\test\firwall\ndis6firewall\x64\debug\ndis6firewall.tlog\inf2cat-expand.4416.write.1.tlog
i:\project\soui\test\firwall\ndis6firewall\x64\debug\ndis6firewall.tlog\inf2cat-expand.read.1.tlog
i:\project\soui\test\firwall\ndis6firewall\x64\debug\ndis6firewall.tlog\inf2cat-expand.write.1.tlog
i:\project\soui\test\firwall\ndis6firewall\x64\debug\ndis6firewall.tlog\inf2cat.command.1.tlog
i:\project\soui\test\firwall\ndis6firewall\x64\debug\ndis6firewall.tlog\inf2cat.read.1.tlog
i:\project\soui\test\firwall\ndis6firewall\x64\debug\ndis6firewall.tlog\inf2cat.read.9.tlog
i:\project\soui\test\firwall\ndis6firewall\x64\debug\ndis6firewall.tlog\inf2cat.write.1.tlog
i:\project\soui\test\firwall\ndis6firewall\x64\debug\ndis6firewall.tlog\inf2cat.write.9.tlog
i:\project\soui\test\firwall\ndis6firewall\x64\debug\ndis6firewall.tlog\link.command.1.tlog
i:\project\soui\test\firwall\ndis6firewall\x64\debug\ndis6firewall.tlog\link.read.1.tlog
i:\project\soui\test\firwall\ndis6firewall\x64\debug\ndis6firewall.tlog\link.write.1.tlog
i:\project\soui\test\firwall\ndis6firewall\x64\debug\ndis6firewall.tlog\rc.command.1.tlog
i:\project\soui\test\firwall\ndis6firewall\x64\debug\ndis6firewall.tlog\rc.read.1.tlog
i:\project\soui\test\firwall\ndis6firewall\x64\debug\ndis6firewall.tlog\rc.write.1.tlog
i:\project\soui\test\firwall\ndis6firewall\x64\debug\ndis6firewall.tlog\signtool.command.1.tlog
i:\project\soui\test\firwall\ndis6firewall\x64\debug\ndis6firewall.tlog\signtool.read.1.tlog
i:\project\soui\test\firwall\ndis6firewall\x64\debug\ndis6firewall.tlog\signtool.timestamp.1.tlog
i:\project\soui\test\firwall\ndis6firewall\x64\debug\ndis6firewall.tlog\signtool.write.1.tlog
i:\project\soui\test\firwall\ndis6firewall\x64\debug\ndis6firewall.tlog\stampinf.command.1.tlog
i:\project\soui\test\firwall\ndis6firewall\x64\debug\ndis6firewall.tlog\stampinf.read.1.tlog
i:\project\soui\test\firwall\ndis6firewall\x64\debug\ndis6firewall.tlog\stampinf.write.1.tlog
